Flutter crash report.
Please report a bug at https://github.com/flutter/flutter/issues.

## command

flutter run

## exception

PathNotFoundException: PathNotFoundException: Cannot open file, path = 'C:\Users\fernn\Downloads\flutter_windows_3.16.3-stable\flutter\bin\cache\dart-sdk\lib\dev_compiler\amd\require.js' (OS Error: O sistema não pode encontrar o caminho especificado.
, errno = 3)

```
#0      _File.throwIfError (dart:io/file_impl.dart:675:7)
#1      _File.openSync (dart:io/file_impl.dart:490:5)
#2      _File.readAsBytesSync (dart:io/file_impl.dart:574:18)
#3      ForwardingFile.readAsBytesSync (package:file/src/forwarding/forwarding_file.dart:91:43)
#4      ForwardingFile.readAsBytesSync (package:file/src/forwarding/forwarding_file.dart:91:43)
#5      WebDevFS.update (package:flutter_tools/src/isolated/devfs_web.dart:840:57)
#6      ResidentWebRunner._updateDevFS (package:flutter_tools/src/isolated/resident_web_runner.dart:521:56)
<asynchronous suspension>
#7      ResidentWebRunner.run.<anonymous closure> (package:flutter_tools/src/isolated/resident_web_runner.dart:308:41)
<asynchronous suspension>
#8      asyncGuard.<anonymous closure> (package:flutter_tools/src/base/async_guard.dart:111:24)
<asynchronous suspension>
```

## flutter doctor

```
[32m[✓][39m Flutter (Channel stable, 3.16.3, on
    Microsoft Windows [versÆo
    10.0.22631.2715], locale pt-BR)
    [32m•[39m Flutter version 3.16.3 on channel
      stable at
      C:\Users\fernn\Downloads\flutter_windo
      ws_3.16.3-stable\flutter
    [32m•[39m Upstream repository
      https://github.com/flutter/flutter.git
    [32m•[39m Framework revision b0366e0a3f (2 days
      ago), 2023-12-05 19:46:39 -0800
    [32m•[39m Engine revision 54a7145303
    [32m•[39m Dart version 3.2.3
    [32m•[39m DevTools version 2.28.4

[32m[✓][39m Windows Version (Installed version of
    Windows is version 10 or higher)

[31m[✗][39m Android toolchain - develop for Android
    devices
    [31m✗[39m Unable to locate Android SDK.
      Install Android Studio from:
      https://developer.android.com/studio/i
      ndex.html
      On first launch it will assist you in
      installing the Android SDK components.
      (or visit
      https://flutter.dev/docs/get-started/i
      nstall/windows#android-setup for
      detailed instructions).
      If the Android SDK has been installed
      to a custom location, please use
      `flutter config --android-sdk` to
      update to that location.


[32m[✓][39m Chrome - develop for the web
    [32m•[39m Chrome at C:\Program
      Files\Google\Chrome\Application\chrome
      .exe

[31m[✗][39m Visual Studio - develop Windows apps
    [31m✗[39m Visual Studio not installed; this is
      necessary to develop Windows apps.
      Download at
      https://visualstudio.microsoft.com/dow
      nloads/.
      Please install the "Desktop
      development with C++" workload,
      including all of its default
      components

[33m[!][39m Android Studio (not installed)
    [32m•[39m Android Studio not found; download
      from
      https://developer.android.com/studio/i
      ndex.html
      (or visit
      https://flutter.dev/docs/get-started/i
      nstall/windows#android-setup for
      detailed instructions).

[32m[✓][39m VS Code (version 1.85.0)
    [32m•[39m VS Code at
      C:\Users\fernn\AppData\Local\Programs\
      Microsoft VS Code
    [32m•[39m Flutter extension version 3.78.0

[32m[✓][39m Connected device (3 available)
    [32m•[39m Windows (desktop) • windows •
      windows-x64    • Microsoft Windows
      [versÆo 10.0.22631.2715]
    [32m•[39m Chrome (web)      • chrome  •
      web-javascript • Google Chrome
      119.0.6045.200
    [32m•[39m Edge (web)        • edge    •
      web-javascript • Microsoft Edge
      119.0.2151.97

[32m[✓][39m Network resources
    [32m•[39m All expected network resources are
      available.

[33m![39m Doctor found issues in 3 categories.
```
